<?xml version="1.0" encoding="UTF-8"?>
<!-- Generated by org.testng.reporters.JUnitXMLReporter -->
<testsuite hostname="LAPTOP-O680H5P2" name="hub spot regression Test" tests="6" failures="6" timestamp="20 Jun 2019 20:05:45 GMT" time="56.538" errors="0">
  <testcase name="verifyLoginPageTitleTest" time="1.468" classname="com.qa.hubspot.test.LoginPageTest">
    <failure type="java.lang.NoSuchMethodError" message="org.testng.ITestNGMethod.getQualifiedName()Ljava/lang/String;">
      <![CDATA[java.lang.NoSuchMethodError: org.testng.ITestNGMethod.getQualifiedName()Ljava/lang/String;
	at com.qa.hubspot.listeners.ExtentReportListener.onTestStart(ExtentReportListener.java:70)
	at java.util.concurrent.ThreadPoolExecutor.runWorker(Unknown Source)
	at java.util.concurrent.ThreadPoolExecutor$Worker.run(Unknown Source)
	at java.lang.Thread.run(Unknown Source)
... Removed 7 stack frames]]>
    </failure>
  </testcase> <!-- verifyLoginPageTitleTest -->
  <testcase name="verifyLoginPageTitleTest" time="21.392" classname="com.qa.hubspot.test.LoginPageTest">
    <failure type="java.lang.NullPointerException">
      <![CDATA[java.lang.NullPointerException
	at com.qa.hubspot.listeners.ExtentReportListener.onTestFailure(ExtentReportListener.java:98)
	at java.util.concurrent.ThreadPoolExecutor.runWorker(Unknown Source)
	at java.util.concurrent.ThreadPoolExecutor$Worker.run(Unknown Source)
	at java.lang.Thread.run(Unknown Source)
... Removed 7 stack frames]]>
    </failure>
  </testcase> <!-- verifyLoginPageTitleTest -->
  <testcase name="verifySignUpLinkTest" time="0.003" classname="com.qa.hubspot.test.LoginPageTest">
    <failure type="java.lang.NoSuchMethodError" message="org.testng.ITestNGMethod.getQualifiedName()Ljava/lang/String;">
      <![CDATA[java.lang.NoSuchMethodError: org.testng.ITestNGMethod.getQualifiedName()Ljava/lang/String;
	at com.qa.hubspot.listeners.ExtentReportListener.onTestStart(ExtentReportListener.java:70)
	at java.util.concurrent.ThreadPoolExecutor.runWorker(Unknown Source)
	at java.util.concurrent.ThreadPoolExecutor$Worker.run(Unknown Source)
	at java.lang.Thread.run(Unknown Source)
... Removed 7 stack frames]]>
    </failure>
  </testcase> <!-- verifySignUpLinkTest -->
  <testcase name="verifySignUpLinkTest" time="15.772" classname="com.qa.hubspot.test.LoginPageTest">
    <failure type="java.lang.NullPointerException">
      <![CDATA[java.lang.NullPointerException
	at com.qa.hubspot.listeners.ExtentReportListener.onTestFailure(ExtentReportListener.java:98)
	at java.util.concurrent.ThreadPoolExecutor.runWorker(Unknown Source)
	at java.util.concurrent.ThreadPoolExecutor$Worker.run(Unknown Source)
	at java.lang.Thread.run(Unknown Source)
... Removed 7 stack frames]]>
    </failure>
  </testcase> <!-- verifySignUpLinkTest -->
  <testcase name="hubSpotLoginTest" time="0.004" classname="com.qa.hubspot.test.LoginPageTest">
    <failure type="java.lang.NoSuchMethodError" message="org.testng.ITestNGMethod.getQualifiedName()Ljava/lang/String;">
      <![CDATA[java.lang.NoSuchMethodError: org.testng.ITestNGMethod.getQualifiedName()Ljava/lang/String;
	at com.qa.hubspot.listeners.ExtentReportListener.onTestStart(ExtentReportListener.java:70)
	at java.util.concurrent.ThreadPoolExecutor.runWorker(Unknown Source)
	at java.util.concurrent.ThreadPoolExecutor$Worker.run(Unknown Source)
	at java.lang.Thread.run(Unknown Source)
... Removed 7 stack frames]]>
    </failure>
  </testcase> <!-- hubSpotLoginTest -->
  <testcase name="hubSpotLoginTest" time="18.36" classname="com.qa.hubspot.test.LoginPageTest">
    <failure type="java.lang.NullPointerException">
      <![CDATA[java.lang.NullPointerException
	at com.qa.hubspot.listeners.ExtentReportListener.onTestFailure(ExtentReportListener.java:98)
	at java.util.concurrent.ThreadPoolExecutor.runWorker(Unknown Source)
	at java.util.concurrent.ThreadPoolExecutor$Worker.run(Unknown Source)
	at java.lang.Thread.run(Unknown Source)
... Removed 7 stack frames]]>
    </failure>
  </testcase> <!-- hubSpotLoginTest -->
</testsuite> <!-- hub spot regression Test -->
