<?xml version="1.0" encoding="UTF-8"?>
<!-- Generated by org.testng.reporters.JUnitXMLReporter -->
<testsuite hostname="LAPTOP-O680H5P2" name="hub spot regression Test" tests="2" failures="2" timestamp="22 Jun 2019 20:37:00 GMT" time="33.1" errors="0">
  <testcase name="verifyLoginPageTitleTest" time="0.243" classname="com.qa.hubspot.test.LoginPageTest">
    <failure type="java.lang.NoSuchMethodError" message="org.testng.ITestNGMethod.getQualifiedName()Ljava/lang/String;">
      <![CDATA[java.lang.NoSuchMethodError: org.testng.ITestNGMethod.getQualifiedName()Ljava/lang/String;
	at com.qa.hubspot.listeners.ExtentReportListener.onTestStart(ExtentReportListener.java:70)
... Removed 21 stack frames]]>
    </failure>
  </testcase> <!-- verifyLoginPageTitleTest -->
  <testcase name="verifyLoginPageTitleTest" time="32.248" classname="com.qa.hubspot.test.LoginPageTest">
    <failure type="java.lang.NullPointerException">
      <![CDATA[java.lang.NullPointerException
	at com.qa.hubspot.listeners.ExtentReportListener.onTestFailure(ExtentReportListener.java:98)
... Removed 21 stack frames]]>
    </failure>
  </testcase> <!-- verifyLoginPageTitleTest -->
</testsuite> <!-- hub spot regression Test -->
